<?xml version="1.0" encoding="UTF-8"?>
<testng-results ignored="0" total="1" passed="1" failed="0" skipped="0">
  <reporter-output>
  </reporter-output>
  <suite started-at="2024-11-05T11:29:42 IST" name="Default suite" finished-at="2024-11-05T11:30:41 IST" duration-ms="58912">
    <groups>
    </groups>
    <test started-at="2024-11-05T11:29:42 IST" name="Default test" finished-at="2024-11-05T11:30:41 IST" duration-ms="58912">
      <class name="actiTimeLoginModuleTest.ActiTimetestclass">
        <test-method is-config="true" signature="startbrwser()[pri:0, instance:actiTimeLoginModuleTest.ActiTimetestclass@7586beff]" started-at="2024-11-05T11:29:42 IST" name="startbrwser" finished-at="2024-11-05T11:29:49 IST" duration-ms="6934" status="PASS">
          <reporter-output>
          </reporter-output>
        </test-method> <!-- startbrwser -->
        <test-method is-config="true" signature="EnterCredToLogin()[pri:0, instance:actiTimeLoginModuleTest.ActiTimetestclass@7586beff]" started-at="2024-11-05T11:29:49 IST" name="EnterCredToLogin" finished-at="2024-11-05T11:30:05 IST" duration-ms="16340" status="PASS">
          <reporter-output>
          </reporter-output>
        </test-method> <!-- EnterCredToLogin -->
        <test-method signature="verifyfeaturesitle()[pri:0, instance:actiTimeLoginModuleTest.ActiTimetestclass@7586beff]" started-at="2024-11-05T11:30:05 IST" name="verifyfeaturesitle" finished-at="2024-11-05T11:30:36 IST" duration-ms="31024" status="PASS">
          <reporter-output>
          </reporter-output>
        </test-method> <!-- verifyfeaturesitle -->
        <test-method is-config="true" signature="CloseBrowser(org.testng.ITestResult)[pri:0, instance:actiTimeLoginModuleTest.ActiTimetestclass@7586beff]" started-at="2024-11-05T11:30:36 IST" name="CloseBrowser" finished-at="2024-11-05T11:30:41 IST" duration-ms="4466" status="PASS">
          <params>
            <param index="0">
              <value>
                <![CDATA[[TestResult name=verifyfeaturesitle status=SUCCESS method=ActiTimetestclass.verifyfeaturesitle()[pri:0, instance:actiTimeLoginModuleTest.ActiTimetestclass@7586beff] output={null}]]]>
              </value>
            </param>
          </params>
          <reporter-output>
          </reporter-output>
        </test-method> <!-- CloseBrowser -->
      </class> <!-- actiTimeLoginModuleTest.ActiTimetestclass -->
    </test> <!-- Default test -->
  </suite> <!-- Default suite -->
</testng-results>
