<?xml version="1.0" encoding="UTF-8"?>
<testng-results ignored="0" total="1" passed="1" failed="0" skipped="0">
  <reporter-output>
  </reporter-output>
  <suite started-at="2024-11-16T21:15:10 IST" name="Default suite" finished-at="2024-11-16T21:16:00 IST" duration-ms="50873">
    <groups>
    </groups>
    <test started-at="2024-11-16T21:15:10 IST" name="Default test" finished-at="2024-11-16T21:16:00 IST" duration-ms="50873">
      <class name="actiTimeLoginModuleTest.ActiTimetestclass">
        <test-method is-config="true" signature="startbrwser()[pri:0, instance:actiTimeLoginModuleTest.ActiTimetestclass@7586beff]" started-at="2024-11-16T21:15:10 IST" name="startbrwser" finished-at="2024-11-16T21:15:20 IST" duration-ms="10314" status="PASS">
          <reporter-output>
          </reporter-output>
        </test-method> <!-- startbrwser -->
        <test-method is-config="true" signature="EnterCredToLogin()[pri:0, instance:actiTimeLoginModuleTest.ActiTimetestclass@7586beff]" started-at="2024-11-16T21:15:20 IST" name="EnterCredToLogin" finished-at="2024-11-16T21:15:29 IST" duration-ms="8651" status="PASS">
          <reporter-output>
          </reporter-output>
        </test-method> <!-- EnterCredToLogin -->
        <test-method signature="verifyfeaturesitle()[pri:0, instance:actiTimeLoginModuleTest.ActiTimetestclass@7586beff]" started-at="2024-11-16T21:15:29 IST" name="verifyfeaturesitle" finished-at="2024-11-16T21:15:59 IST" duration-ms="30038" status="PASS">
          <reporter-output>
          </reporter-output>
        </test-method> <!-- verifyfeaturesitle -->
        <test-method is-config="true" signature="CloseBrowser(org.testng.ITestResult)[pri:0, instance:actiTimeLoginModuleTest.ActiTimetestclass@7586beff]" started-at="2024-11-16T21:15:59 IST" name="CloseBrowser" finished-at="2024-11-16T21:16:00 IST" duration-ms="1717" status="PASS">
          <params>
            <param index="0">
              <value>
                <![CDATA[[TestResult name=verifyfeaturesitle status=SUCCESS method=ActiTimetestclass.verifyfeaturesitle()[pri:0, instance:actiTimeLoginModuleTest.ActiTimetestclass@7586beff] output={null}]]]>
              </value>
            </param>
          </params>
          <reporter-output>
          </reporter-output>
        </test-method> <!-- CloseBrowser -->
      </class> <!-- actiTimeLoginModuleTest.ActiTimetestclass -->
    </test> <!-- Default test -->
  </suite> <!-- Default suite -->
</testng-results>
